<?xml version="1.0" encoding="UTF-8"?>
<!-- Generated by org.testng.reporters.JUnitXMLReporter -->
<testsuite ignored="0" hostname="DESKTOP-JFO3FKG" failures="1" tests="1" name="Test" time="6.411" errors="0" timestamp="2025-08-19T11:47:17 IST">
  <testcase classname="Webdriver.NewTestng3" name="test2" time="6.297">
    <failure type="java.lang.AssertionError" message="expected [false] but found [true]">
      <![CDATA[java.lang.AssertionError: expected [false] but found [true]
at Webdriver.NewTestng3.test2(NewTestng3.java:29)
at java.base/java.util.ArrayList.forEach(ArrayList.java:1596)
... Removed 29 stack frames]]>
    </failure>
  </testcase> <!-- test2 -->
</testsuite> <!-- Test -->
